-------------------------------------------------------------------------------
Test set: com.max.codekrack.codekrack.CodekrackApplicationTests
-------------------------------------------------------------------------------
Tests run: 1, Failures: 0, Errors: 1, Skipped: 0, Time elapsed: 1.253 s <<< FAILURE! - in com.max.codekrack.codekrack.CodekrackApplicationTests
contextLoads(com.max.codekrack.codekrack.CodekrackApplicationTests)  Time elapsed: 0.001 s  <<< ERROR!
java.lang.IllegalStateException: Failed to load ApplicationContext
Caused by: org.springframework.beans.factory.UnsatisfiedDependencyException: Error creating bean with name 'codeKrackService': Unsatisfied dependency expressed through field 'question'; nested exception is org.springframework.beans.factory.BeanCreationException: Error creating bean with name 'question' defined in file [C:\Users\Max\eclipse-workspace\codekrack\codekrack\target\classes\com\max\codekrack\Question.class]: Instantiation of bean failed; nested exception is org.springframework.beans.BeanInstantiationException: Failed to instantiate [com.max.codekrack.Question]: Constructor threw exception; nested exception is java.lang.NullPointerException: Cannot invoke "java.sql.Connection.createStatement()" because "com.max.codekrack.databaseutil.DbConnect.connection" is null
Caused by: org.springframework.beans.factory.BeanCreationException: Error creating bean with name 'question' defined in file [C:\Users\Max\eclipse-workspace\codekrack\codekrack\target\classes\com\max\codekrack\Question.class]: Instantiation of bean failed; nested exception is org.springframework.beans.BeanInstantiationException: Failed to instantiate [com.max.codekrack.Question]: Constructor threw exception; nested exception is java.lang.NullPointerException: Cannot invoke "java.sql.Connection.createStatement()" because "com.max.codekrack.databaseutil.DbConnect.connection" is null
Caused by: org.springframework.beans.BeanInstantiationException: Failed to instantiate [com.max.codekrack.Question]: Constructor threw exception; nested exception is java.lang.NullPointerException: Cannot invoke "java.sql.Connection.createStatement()" because "com.max.codekrack.databaseutil.DbConnect.connection" is null
Caused by: java.lang.NullPointerException: Cannot invoke "java.sql.Connection.createStatement()" because "com.max.codekrack.databaseutil.DbConnect.connection" is null

